<?xml version="1.0" encoding="utf-8"?>
<testsuites>
  <testsuite name="the PickleTools research steps choose a tab by def name or by translation key" tests="3" failures="0" skipped="0" flakes="0" time="34.607">
    <testcase name="a tab by its def name, whatever the case" classname="the PickleTools research steps choose a tab by def name or by translation key" time="15.998">
      <system-out>Attachment: smoke-attachment -&gt; smoke test attachment content
Attachment: research tabs the window drew -&gt; Main (label 'Main'), Anomaly (label 'Anomaly'), ASFAdaptiveStorage (label 'Storage', selected)
selected: ASFAdaptiveStorage
Attachment: projects listed on ASFAdaptiveStorage -&gt; ASNeolithicNeolithicStorage: 'Neolithic storage', cost 400, at (0, 1), Neolithic
ASNeolithicNeolithicItemDisplay: 'Neolithic item display', cost 400, at (0, 2), Neolithic
Attachment: projects listed on ASFAdaptiveStorage -&gt; ASNeolithicNeolithicStorage: 'Neolithic storage', cost 400, at (0, 1), Neolithic
ASNeolithicNeolithicItemDisplay: 'Neolithic item display', cost 400, at (0, 2), Neolithic
</system-out>
    </testcase>
    <testcase name="a vanilla tab by its def name" classname="the PickleTools research steps choose a tab by def name or by translation key" time="9.812">
      <system-out>Attachment: smoke-attachment -&gt; smoke test attachment content
Attachment: research tabs the window drew -&gt; Main (label 'Main', selected), Anomaly (label 'Anomaly'), ASFAdaptiveStorage (label 'Storage')
selected: Main
Attachment: projects listed on Main -&gt; PsychoidBrewing: 'Psychoid brewing', cost 500, at (2, 0.7), Neolithic
TreeSowing: 'Tree sowing', cost 1000, at (0, 0), Neolithic
Brewing: 'Beer brewing', cost 400, at (0, 3.5), Neolithic
ComplexFurniture: 'Complex furniture', cost 300, at (0, 4.2), Medieval
PassiveCooler: 'Passive cooler', cost 400, at (0, 2.1), Neolithic
Stonecutting: 'Stonecutting', cost 300, at (0, 1.4), Medieval
ComplexClothing: 'Complex clothing', cost 600, at (0, 4.9), Medieval
DrugProduction: 'Drug production', cost 500, at (2, 0), Industrial
Cocoa: 'Cocoa', cost 1000, at (1, 0), Neolithic
Devilstrand: 'Devilstrand', cost 800, at (0, 2.8), Neolithic
CarpetMaking: 'Carpet-making', cost 800, at (1, 2.1), Medieval
Pemmican: 'Pemmican', cost 500, at (1, 1.4), Neolithic
Smithing: 'Smithing', cost 700, at (1, 3.5), Medieval
RecurveBow: 'Recurve bow', cost 400, at (0, 0.7), Neolithic
PsychiteRefining: 'Psychite refining', cost 400, at (3, 0.7), Industrial
WakeUpProduction: 'Wake-up production', cost 600, at (3, 1.4), Industrial
GoJuiceProduction: 'Go-juice production', cost 1000, at (3, 2.1), Industrial
PenoxycylineProduction: 'Penoxycyline production', cost 500, at (3, 2.8), Industrial
LongBlades: 'Long blades', cost 400, at (3, 5.6), Medieval
PlateArmor: 'Plate armor', cost 600, at (2, 5.6), Medieval
Greatbow: 'Greatbow', cost 600, at (1, 0.7), Medieval
Electricity: 'Electricity', cost 1600, at (4, 3), Industrial
Batteries: 'Battery', cost 400, at (6, 0.9), Industrial
BiofuelRefining: 'Biofuel refining', cost 700, at (7, 2.7), Industrial
WatermillGenerator: 'Watermill generator', cost 700, at (8, 2.1), Industrial
NutrientPaste: 'Nutrient paste', cost 400, at (8, 1.5), Industrial
SolarPanels: 'Solar panel', cost 600, at (7, 2.1), Industrial
AirConditioning: 'Air conditioning', cost 500, at (6, 2.1), Industrial
Autodoors: 'Autodoor', cost 600, at (6, 0.3), Industrial
Hydroponics: 'Hydroponics', cost 700, at (6, 1.5), Industrial
TubeTelevision: 'Tube television', cost 1000, at (9, 0.9), Industrial
PackagedSurvivalMeal: 'Packaged survival meal', cost 500, at (9, 1.5), Industrial
Firefoam: 'Firefoam', cost 600, at (7, 1.5), Industrial
IEDs: 'IEDs', cost 500, at (7, 0.9), Industrial
GeothermalPower: 'Geothermal power', cost 3200, at (9, 2.1), Industrial
SterileMaterials: 'Sterile materials', cost 600, at (8, 0.9), Industrial
ColoredLights: 'Advanced lights', cost 300, at (6, 2.7), Industrial
Machining: 'Machining', cost 1000, at (5, 3.5), Industrial
SmokepopBelt: 'Smokepop packs', cost 300, at (6, 4.8), Industrial
Prosthetics: 'Prosthetics', cost 600, at (7, 4.8), Industrial
Gunsmithing: 'Gunsmithing', cost 500, at (6, 3.4), Industrial
FlakArmor: 'Flak armor', cost 1200, at (6, 4.1), Industrial
Mortars: 'Mortars', cost 2000, at (7, 4.1), Industrial
BlowbackOperation: 'Blowback operation', cost 500, at (7, 3.4), Industrial
GasOperation: 'Gas operation', cost 1000, at (9, 3.4), Industrial
GunTurrets: 'Gun turrets', cost 500, at (8, 4.1), Industrial
FoamTurret: 'Foam turret', cost 800, at (9, 4.1), Industrial
MicroelectronicsBasics: 'Microelectronics', cost 3000, at (10, 3), Industrial
FlatscreenTelevision: 'Flatscreen television', cost 2000, at (11, 0.6), Industrial
MoisturePump: 'Moisture pump', cost 1200, at (11, 4.2), Industrial
HospitalBed: 'Hospital bed', cost 1200, at (13, 1.8), Industrial
DeepDrilling: 'Deep drilling', cost 1000, at (13, 4.2), Industrial
GroundPenetratingScanner: 'Ground-penetrating scanner', cost 1000, at (14, 4.2), Industrial
TransportPod: 'Transport pod', cost 1000, at (13, 1.2), Industrial
MedicineProduction: 'Medicine production', cost 1500, at (11, 0), Industrial
LongRangeMineralScanner: 'Long-range mineral scanner', cost 2000, at (12, 4.2), Industrial
ShieldBelt: 'Shields', cost 1000, at (11, 1.2), Spacer
PrecisionRifling: 'Precision rifling', cost 1400, at (11, 3.6), Industrial
HeavyTurrets: 'Autocannon turret', cost 1600, at (13, 3.6), Industrial
MultibarrelWeapons: 'Multibarrel weapons', cost 2600, at (12, 3.6), Industrial
MultiAnalyzer: 'Multi-analyzer', cost 4000, at (14, 3), Industrial
VitalsMonitor: 'Vitals monitor', cost 2500, at (15, 1.8), Industrial
Fabrication: 'Fabrication', cost 4000, at (16, 3), Industrial
AdvancedFabrication: 'Advanced fabrication', cost 4000, at (18, 3), Industrial
Cryptosleep: 'Cryptosleep casket', cost 2000, at (15, 2.4), Spacer
ReconArmor: 'Recon armor', cost 6000, at (17, 1.1), Spacer
PoweredArmor: 'Marine armor', cost 6000, at (18, 1.1), Spacer
ChargedShot: 'Pulse-charged munitions', cost 3000, at (18, 1.8), Spacer
Bionics: 'Bionic replacements', cost 2000, at (17, 3.6), Spacer
SniperTurret: 'Uranium slug turret', cost 3000, at (15, 3.6), Industrial
RocketswarmLauncher: 'Rocketswarm launcher', cost 3000, at (15, 4.2), Industrial
ShipBasics: 'Starflight basics', cost 4000, at (20, 3), Spacer
ShipCryptosleep: 'Vacuum cryptosleep casket', cost 2800, at (21, 3), Spacer
ShipReactor: 'Starship reactor', cost 6000, at (21, 4.3), Spacer
ShipEngine: 'Johnson-Tanaka drive', cost 6000, at (21, 5.4), Spacer
ShipComputerCore: 'Machine persuasion', cost 3000, at (21, 1.8), Spacer
ShipSensorCluster: 'Starflight sensors', cost 4000, at (21, 0.6), Spacer
NobleApparel: 'Noble apparel', cost 400, at (1, 4.9), Medieval
RoyalApparel: 'Royal apparel', cost 400, at (2, 4.9), Medieval
CataphractArmor: 'Cataphract armor', cost 6000, at (19, 1.1), Spacer
JumpPack: 'Jump packs', cost 2000, at (11, 2.4), Industrial
Gunlink: 'Gunlink', cost 2000, at (17, 1.8), Industrial
BrainWiring: 'Brain wiring', cost 2000, at (12, 1.2), Spacer
SpecializedLimbs: 'Specialized limbs', cost 2000, at (13, 0), Spacer
CompactWeaponry: 'Compact weaponry', cost 2000, at (12, 2.4), Spacer
VenomSynthesis: 'Poison synthesis', cost 2000, at (13, 2.4), Spacer
ArtificialMetabolism: 'Artificial metabolism', cost 2000, at (18, 5.4), Ultra
NeuralComputation: 'Neural computation', cost 2000, at (19, 4.8), Ultra
SkinHardening: 'Skin hardening', cost 2000, at (18, 3.6), Ultra
HealingFactors: 'Healing factors', cost 2000, at (18, 4.2), Ultra
FleshShaping: 'Flesh shaping', cost 2000, at (18, 4.8), Ultra
MolecularAnalysis: 'Molecular analysis', cost 2000, at (19, 3.6), Ultra
CircadianInfluence: 'Circadian influence', cost 2000, at (19, 4.2), Ultra
Harp: 'Harp', cost 500, at (1, 4.2), Medieval
Harpsichord: 'Harpsichord', cost 500, at (2, 4.2), Medieval
Piano: 'Piano', cost 2000, at (3, 4.2), Industrial
Biosculpting: 'Biosculpting', cost 1500, at (13, 0.6), Industrial
Bioregeneration: 'Bioregeneration', cost 4000, at (15, 0.6), Industrial
NeuralSupercharger: 'Neural supercharger', cost 1500, at (12, 0.6), Industrial
BasicMechtech: 'Basic mechtech', cost 200, at (9, 5.4), Industrial
StandardMechtech: 'Standard mechtech', cost 1000, at (11, 5.4), Industrial
HighMechtech: 'High mechtech', cost 3000, at (15, 5.4), Industrial
UltraMechtech: 'Ultra mechtech', cost 5000, at (17, 5.4), Ultra
WastepackAtomizer: 'Wastepack atomizer', cost 8000, at (19, 2.4), Industrial
ToxifierGenerator: 'Toxifier generator', cost 500, at (9, 2.7), Industrial
Xenogermination: 'Xenogenetics', cost 1000, at (9, 0.3), Industrial
GeneProcessor: 'Gene processor', cost 1500, at (14, 0), Industrial
Archogenetics: 'Archogenetics', cost 2500, at (17, 0), Industrial
Deathrest: 'Deathrest', cost 1000, at (8, 2.7), Industrial
FertilityProcedures: 'Fertility procedures', cost 1000, at (8, 0.3), Industrial
ToxGas: 'Tox gas', cost 600, at (8, 4.8), Industrial
ToxFiltration: 'Toxin filtration', cost 2000, at (19, 5.4), Spacer
GrowthVats: 'Growth vats', cost 500, at (12, 0), Spacer
TurretPack: 'Turret pack', cost 1400, at (11, 1.8), Industrial
SecurityDoor: 'Security door', cost 700, at (7, 0.3), Industrial
Fishing: 'Fishing', cost 600, at (1, 2.8), Neolithic
BasicGravtech: 'Basic gravtech', cost 300, at (9, 4.8), Industrial
StandardGravtech: 'Standard gravtech', cost 1200, at (11, 4.8), Industrial
AdvancedGravtech: 'Advanced gravtech', cost 2000, at (17, 4.8), Spacer
OrbitalTech: 'Orbital tech', cost 1000, at (14, 2.4), Industrial
HeavyBridges: 'Heavy bridges', cost 800, at (0, 5.6), Industrial
BeamWeapons: 'Beam weapons', cost 4000, at (19, 1.8), Spacer
Shuttles: 'Shuttle', cost 2500, at (15, 1.2), Spacer
HunterDrones: 'Hunter drone', cost 1600, at (12, 1.8), Industrial
</system-out>
    </testcase>
    <testcase name="a tab by a translation key, in whichever language the game runs in" classname="the PickleTools research steps choose a tab by def name or by translation key" time="8.797">
      <system-out>Attachment: smoke-attachment -&gt; smoke test attachment content
Attachment: research tabs the window drew -&gt; Main (label 'Main'), Anomaly (label 'Anomaly'), ASFAdaptiveStorage (label 'Storage', selected)
selected: ASFAdaptiveStorage
Attachment: projects listed on ASFAdaptiveStorage -&gt; ASNeolithicNeolithicStorage: 'Neolithic storage', cost 400, at (0, 1), Neolithic
ASNeolithicNeolithicItemDisplay: 'Neolithic item display', cost 400, at (0, 2), Neolithic
Attachment: the research tab chosen by a translation key -&gt; /mnt/c/Users/nelim/Documents/rimworld/pickle-reports/screenshots/manual--the-research-tab-chosen-by-a-translation-key--step0.png
</system-out>
    </testcase>
  </testsuite>
</testsuites>