<?xml version="1.0" encoding="utf-8"?>
<testsuites>
  <testsuite name="French names on the generated buildings" tests="11" failures="1" skipped="0" flakes="0" time="54.546">
    <testcase name="the vacstone buildings read as vaccolithe" classname="French names on the generated buildings" time="0.512">
      <system-out>Attachment: smoke-attachment -&gt; smoke test attachment content
</system-out>
    </testcase>
    <testcase name="a Core stone is French too" classname="French names on the generated buildings" time="0.268">
      <system-out>Attachment: smoke-attachment -&gt; smoke test attachment content
</system-out>
    </testcase>
    <testcase name="the descriptions are French, on generated buildings and on the wood pile" classname="French names on the generated buildings" time="0.365">
      <system-out>Attachment: smoke-attachment -&gt; smoke test attachment content
</system-out>
    </testcase>
    <testcase name="the wood pile is French" classname="French names on the generated buildings" time="0.131">
      <system-out>Attachment: smoke-attachment -&gt; smoke test attachment content
</system-out>
    </testcase>
    <testcase name="the blueprint of a generated building carries its French name" classname="French names on the generated buildings" time="14.312">
      <system-out>Attachment: smoke-attachment -&gt; smoke test attachment content
Attachment: the blueprint of a granite pot, in French -&gt; /mnt/c/Users/nelim/Documents/rimworld/pickle-reports/screenshots/manual--the-blueprint-of-a-granite-pot--in-French--step0.png
</system-out>
    </testcase>
    <testcase name="the vacstone blueprint too, the stone the mod was never told about" classname="French names on the generated buildings" time="7.321">
      <system-out>Attachment: smoke-attachment -&gt; smoke test attachment content
</system-out>
    </testcase>
    <testcase name="the fallback translates the buildings of a stone the mod never met" classname="French names on the generated buildings" time="0.514">
      <system-out>Attachment: smoke-attachment -&gt; smoke test attachment content
</system-out>
    </testcase>
    <testcase name="the blueprint of a third-party stone's pot carries the fallback's French name" classname="French names on the generated buildings" time="9.299">
      <system-out>Attachment: smoke-attachment -&gt; smoke test attachment content
Attachment: the blueprint of an andesite pot, in French, from the fallback -&gt; /mnt/c/Users/nelim/Documents/rimworld/pickle-reports/screenshots/manual--the-blueprint-of-an-andesite-pot--in-French--from-the-fallback--step0.png
</system-out>
    </testcase>
    <testcase name="the research projects and their text are French" classname="French names on the generated buildings" time="0.325">
      <system-out>Attachment: smoke-attachment -&gt; smoke test attachment content
</system-out>
    </testcase>
    <testcase name="a container on the map names itself in French" classname="French names on the generated buildings" time="8.355">
      <system-out>Attachment: smoke-attachment -&gt; smoke test attachment content
Attachment: the inspect pane on a granite chunk stack, in French -&gt; /mnt/c/Users/nelim/Documents/rimworld/pickle-reports/screenshots/manual--the-inspect-pane-on-a-granite-chunk-stack--in-French--step0.png
</system-out>
    </testcase>
    <testcase name="the framework's tab opens and shows the two projects, in French" classname="French names on the generated buildings" time="13.144">
      <failure message="tag 'btn:Stockage' not found; known tags: no tags recorded this frame">tag 'btn:Stockage' not found; known tags: no tags recorded this frame</failure>
      <system-out>Attachment: smoke-attachment -&gt; smoke test attachment content
Attachment: screenshot -&gt; /mnt/c/Users/nelim/Documents/rimworld/pickle-reports/screenshots/French-names-on-the-generated-buildings--the-framework-s-tab-opens-and-shows-the-two-projects--in-French--step3.png
</system-out>
    </testcase>
  </testsuite>
</testsuites>