<?xml version="1.0" encoding="utf-8"?>
<testsuites>
  <testsuite name="the mod loads on top of the Adaptive Storage Framework" tests="5" failures="0" skipped="0" flakes="0" time="13.397">
    <testcase name="the framework is active and loads before the mod" classname="the mod loads on top of the Adaptive Storage Framework" time="0.516">
      <system-out>Attachment: smoke-attachment -&gt; smoke test attachment content
</system-out>
    </testcase>
    <testcase name="the nine hand-written buildings exist" classname="the mod loads on top of the Adaptive Storage Framework" time="0.942">
      <system-out>Attachment: smoke-attachment -&gt; smoke test attachment content
</system-out>
    </testcase>
    <testcase name="the framework's GraphicsDefs that draw them exist" classname="the mod loads on top of the Adaptive Storage Framework" time="0.770">
      <system-out>Attachment: smoke-attachment -&gt; smoke test attachment content
</system-out>
    </testcase>
    <testcase name="the two research projects exist" classname="the mod loads on top of the Adaptive Storage Framework" time="0.214">
      <system-out>Attachment: smoke-attachment -&gt; smoke test attachment content
</system-out>
    </testcase>
    <testcase name="loading a game with the mod raises no error" classname="the mod loads on top of the Adaptive Storage Framework" time="10.955">
      <system-out>Attachment: smoke-attachment -&gt; smoke test attachment content
</system-out>
    </testcase>
  </testsuite>
  <testsuite name="the stone variants are generated at load time" tests="4" failures="0" skipped="0" flakes="0" time="17.759">
    <testcase name="each of the five Core stones gets a pot, a plinth and a chunk stack" classname="the stone variants are generated at load time" time="1.342">
      <system-out>Attachment: smoke-attachment -&gt; smoke test attachment content
</system-out>
    </testcase>
    <testcase name="with Odyssey, vacstone is picked up without the mod having been told about it" classname="the stone variants are generated at load time" time="0.298">
      <system-out>Attachment: smoke-attachment -&gt; smoke test attachment content
</system-out>
    </testcase>
    <testcase name="one generated building of each kind can be placed without an error" classname="the stone variants are generated at load time" time="8.680">
      <system-out>Attachment: smoke-attachment -&gt; smoke test attachment content
</system-out>
    </testcase>
    <testcase name="the vacstone buildings can be placed without an error" classname="the stone variants are generated at load time" time="7.439">
      <system-out>Attachment: smoke-attachment -&gt; smoke test attachment content
</system-out>
    </testcase>
  </testsuite>
  <testsuite name="what a container shows of its contents" tests="8" failures="0" skipped="0" flakes="0" time="79.853">
    <testcase name="a wooden basket, empty, then with one item, then full" classname="what a container shows of its contents" time="8.787">
      <system-out>Attachment: smoke-attachment -&gt; smoke test attachment content
Attachment: wooden basket, empty -&gt; /mnt/c/Users/nelim/Documents/rimworld/pickle-reports/screenshots/manual--wooden-basket--empty--step0.png
Attachment: wooden basket, one item -&gt; /mnt/c/Users/nelim/Documents/rimworld/pickle-reports/screenshots/manual--wooden-basket--one-item--step0.png
Attachment: wooden basket, full -&gt; /mnt/c/Users/nelim/Documents/rimworld/pickle-reports/screenshots/manual--wooden-basket--full--step0.png
</system-out>
    </testcase>
    <testcase name="a fabric basket, empty, then full" classname="what a container shows of its contents" time="7.449">
      <system-out>Attachment: smoke-attachment -&gt; smoke test attachment content
Attachment: fabric basket, empty -&gt; /mnt/c/Users/nelim/Documents/rimworld/pickle-reports/screenshots/manual--fabric-basket--empty--step0.png
Attachment: fabric basket, full -&gt; /mnt/c/Users/nelim/Documents/rimworld/pickle-reports/screenshots/manual--fabric-basket--full--step0.png
</system-out>
    </testcase>
    <testcase name="a large pot holding raw food" classname="what a container shows of its contents" time="9.897">
      <system-out>Attachment: smoke-attachment -&gt; smoke test attachment content
Attachment: large pot, empty -&gt; /mnt/c/Users/nelim/Documents/rimworld/pickle-reports/screenshots/manual--large-pot--empty--step0.png
Attachment: large pot, berries -&gt; /mnt/c/Users/nelim/Documents/rimworld/pickle-reports/screenshots/manual--large-pot--berries--step0.png
</system-out>
    </testcase>
    <testcase name="a granite chunk stack at one, two and six chunks" classname="what a container shows of its contents" time="10.439">
      <system-out>Attachment: smoke-attachment -&gt; smoke test attachment content
Attachment: granite chunk stack, one chunk -&gt; /mnt/c/Users/nelim/Documents/rimworld/pickle-reports/screenshots/manual--granite-chunk-stack--one-chunk--step0.png
Attachment: granite chunk stack, two chunks -&gt; /mnt/c/Users/nelim/Documents/rimworld/pickle-reports/screenshots/manual--granite-chunk-stack--two-chunks--step0.png
Attachment: granite chunk stack, six chunks -&gt; /mnt/c/Users/nelim/Documents/rimworld/pickle-reports/screenshots/manual--granite-chunk-stack--six-chunks--step0.png
</system-out>
    </testcase>
    <testcase name="a marble chunk stack at full load, to compare with the granite one" classname="what a container shows of its contents" time="9.869">
      <system-out>Attachment: smoke-attachment -&gt; smoke test attachment content
Attachment: marble chunk stack, six chunks -&gt; /mnt/c/Users/nelim/Documents/rimworld/pickle-reports/screenshots/manual--marble-chunk-stack--six-chunks--step0.png
</system-out>
    </testcase>
    <testcase name="a plinth displaying a single item" classname="what a container shows of its contents" time="13.192">
      <system-out>Attachment: smoke-attachment -&gt; smoke test attachment content
Attachment: wooden plinth displaying gold -&gt; /mnt/c/Users/nelim/Documents/rimworld/pickle-reports/screenshots/manual--wooden-plinth-displaying-gold--step0.png
</system-out>
    </testcase>
    <testcase name="a vacstone plinth, the one stone that did not exist when the mod was written" classname="what a container shows of its contents" time="9.548">
      <system-out>Attachment: smoke-attachment -&gt; smoke test attachment content
Attachment: vacstone plinth displaying gold -&gt; /mnt/c/Users/nelim/Documents/rimworld/pickle-reports/screenshots/manual--vacstone-plinth-displaying-gold--step0.png
</system-out>
    </testcase>
    <testcase name="the piles, the shelf and the bundle, each with something in it" classname="what a container shows of its contents" time="10.672">
      <system-out>Attachment: smoke-attachment -&gt; smoke test attachment content
Attachment: wood pile, hay pile, meal shelf and textile bundle, each holding one thing -&gt; /mnt/c/Users/nelim/Documents/rimworld/pickle-reports/screenshots/manual--wood-pile--hay-pile--meal-shelf-and-textile-bundle--each-holding-one-thing--step0.png
</system-out>
    </testcase>
  </testsuite>
  <testsuite name="containers survive a save and a reload" tests="1" failures="0" skipped="0" flakes="0" time="31.391">
    <testcase name="a filled basket and a loaded chunk stack come back as they were" classname="containers survive a save and a reload" time="31.391">
      <system-out>Attachment: smoke-attachment -&gt; smoke test attachment content
Attachment: wooden basket after a reload -&gt; /mnt/c/Users/nelim/Documents/rimworld/pickle-reports/screenshots/manual--wooden-basket-after-a-reload--step0.png
Attachment: granite chunk stack after a reload -&gt; /mnt/c/Users/nelim/Documents/rimworld/pickle-reports/screenshots/manual--granite-chunk-stack-after-a-reload--step0.png
</system-out>
    </testcase>
  </testsuite>
  <testsuite name="French names on the generated buildings" tests="2" failures="0" skipped="2" flakes="0" time="0.000">
    <testcase name="the vacstone buildings read as vaccolithe" classname="French names on the generated buildings" time="0.000">
      <skipped />
    </testcase>
    <testcase name="a Core stone is French too" classname="French names on the generated buildings" time="0.000">
      <skipped />
    </testcase>
  </testsuite>
</testsuites>