<?xml version="1.0" encoding="utf-8"?>
<testsuites>
  <testsuite name="the mod loads on top of the Adaptive Storage Framework" tests="7" failures="0" skipped="0" flakes="0" time="22.137">
    <testcase name="the framework is active and loads before the mod" classname="the mod loads on top of the Adaptive Storage Framework" time="0.401">
      <system-out>Attachment: smoke-attachment -&gt; smoke test attachment content
</system-out>
    </testcase>
    <testcase name="the nine hand-written buildings exist" classname="the mod loads on top of the Adaptive Storage Framework" time="0.993">
      <system-out>Attachment: smoke-attachment -&gt; smoke test attachment content
</system-out>
    </testcase>
    <testcase name="the framework's GraphicsDefs that draw them exist" classname="the mod loads on top of the Adaptive Storage Framework" time="0.786">
      <system-out>Attachment: smoke-attachment -&gt; smoke test attachment content
</system-out>
    </testcase>
    <testcase name="the two research projects exist" classname="the mod loads on top of the Adaptive Storage Framework" time="0.208">
      <system-out>Attachment: smoke-attachment -&gt; smoke test attachment content
</system-out>
    </testcase>
    <testcase name="both projects sit in the framework's tab, at the cost the file asks for" classname="the mod loads on top of the Adaptive Storage Framework" time="0.663">
      <system-out>Attachment: smoke-attachment -&gt; smoke test attachment content
</system-out>
    </testcase>
    <testcase name="loading a game with the mod raises no error" classname="the mod loads on top of the Adaptive Storage Framework" time="11.111">
      <system-out>Attachment: smoke-attachment -&gt; smoke test attachment content
</system-out>
    </testcase>
    <testcase name="the research window opens on the tab that holds them" classname="the mod loads on top of the Adaptive Storage Framework" time="7.975">
      <system-out>Attachment: smoke-attachment -&gt; smoke test attachment content
Attachment: the research window, with the storage tab -&gt; /mnt/c/Users/nelim/Documents/rimworld/pickle-reports/screenshots/manual--the-research-window--with-the-storage-tab--step0.png
</system-out>
    </testcase>
  </testsuite>
  <testsuite name="the stone variants are generated at load time" tests="7" failures="3" skipped="0" flakes="0" time="16.621">
    <testcase name="each of the five Core stones gets a pot, a plinth and a chunk stack" classname="the stone variants are generated at load time" time="1.110">
      <system-out>Attachment: smoke-attachment -&gt; smoke test attachment content
</system-out>
    </testcase>
    <testcase name="with Odyssey, vacstone is picked up without the mod having been told about it" classname="the stone variants are generated at load time" time="0.245">
      <system-out>Attachment: smoke-attachment -&gt; smoke test attachment content
</system-out>
    </testcase>
    <testcase name="vanilla made a blueprint and a frame for the generated buildings" classname="the stone variants are generated at load time" time="0.097">
      <failure message="no ThingDef named 'ASNeolithicLargePotChunkGranite_Blueprint'. closest matches: ASNeolithicLargePotChunkGranite, ASNeolithicLargePotChunkMarble, ASNeolithicLargePotChunkSandstone">no ThingDef named 'ASNeolithicLargePotChunkGranite_Blueprint'. closest matches: ASNeolithicLargePotChunkGranite, ASNeolithicLargePotChunkMarble, ASNeolithicLargePotChunkSandstone</failure>
      <system-out>Attachment: smoke-attachment -&gt; smoke test attachment content
Attachment: screenshot -&gt; /mnt/c/Users/nelim/Documents/rimworld/pickle-reports/screenshots/the-stone-variants-are-generated-at-load-time--vanilla-made-a-blueprint-and-a-frame-for-the-generated-buildings--step1.png
</system-out>
    </testcase>
    <testcase name="and for the hand-written ones" classname="the stone variants are generated at load time" time="0.037">
      <failure message="no ThingDef named 'ASNeolithicLargePot_Blueprint'. closest matches: ASNeolithicLargePotChunkGranite, ASNeolithicLargePotChunkSlate, ASNeolithicLargePot">no ThingDef named 'ASNeolithicLargePot_Blueprint'. closest matches: ASNeolithicLargePotChunkGranite, ASNeolithicLargePotChunkSlate, ASNeolithicLargePot</failure>
      <system-out>Attachment: smoke-attachment -&gt; smoke test attachment content
Attachment: screenshot -&gt; /mnt/c/Users/nelim/Documents/rimworld/pickle-reports/screenshots/the-stone-variants-are-generated-at-load-time--and-for-the-hand-written-ones--step1.png
</system-out>
    </testcase>
    <testcase name="the vacstone buildings have theirs too" classname="the stone variants are generated at load time" time="0.052">
      <failure message="no ThingDef named 'ASNeolithicLargePotChunkVacstone_Blueprint'. closest matches: ASNeolithicLargePotChunkVacstone, ASNeolithicLargePotChunkSandstone, ASNeolithicLargePotChunkLimestone">no ThingDef named 'ASNeolithicLargePotChunkVacstone_Blueprint'. closest matches: ASNeolithicLargePotChunkVacstone, ASNeolithicLargePotChunkSandstone, ASNeolithicLargePotChunkLimestone</failure>
      <system-out>Attachment: smoke-attachment -&gt; smoke test attachment content
Attachment: screenshot -&gt; /mnt/c/Users/nelim/Documents/rimworld/pickle-reports/screenshots/the-stone-variants-are-generated-at-load-time--the-vacstone-buildings-have-theirs-too--step1.png
</system-out>
    </testcase>
    <testcase name="one generated building of each kind can be placed without an error" classname="the stone variants are generated at load time" time="7.663">
      <system-out>Attachment: smoke-attachment -&gt; smoke test attachment content
</system-out>
    </testcase>
    <testcase name="the vacstone buildings can be placed without an error" classname="the stone variants are generated at load time" time="7.417">
      <system-out>Attachment: smoke-attachment -&gt; smoke test attachment content
</system-out>
    </testcase>
  </testsuite>
  <testsuite name="what a container shows of its contents" tests="8" failures="0" skipped="0" flakes="0" time="69.770">
    <testcase name="a wooden basket, empty, then with one item, then full" classname="what a container shows of its contents" time="7.997">
      <system-out>Attachment: smoke-attachment -&gt; smoke test attachment content
Attachment: wooden basket, empty -&gt; /mnt/c/Users/nelim/Documents/rimworld/pickle-reports/screenshots/manual--wooden-basket--empty--step0.png
Attachment: wooden basket, one item -&gt; /mnt/c/Users/nelim/Documents/rimworld/pickle-reports/screenshots/manual--wooden-basket--one-item--step0.png
Attachment: wooden basket, full -&gt; /mnt/c/Users/nelim/Documents/rimworld/pickle-reports/screenshots/manual--wooden-basket--full--step0.png
</system-out>
    </testcase>
    <testcase name="a fabric basket, empty, then full" classname="what a container shows of its contents" time="8.413">
      <system-out>Attachment: smoke-attachment -&gt; smoke test attachment content
Attachment: fabric basket, empty -&gt; /mnt/c/Users/nelim/Documents/rimworld/pickle-reports/screenshots/manual--fabric-basket--empty--step0.png
Attachment: fabric basket, full -&gt; /mnt/c/Users/nelim/Documents/rimworld/pickle-reports/screenshots/manual--fabric-basket--full--step0.png
</system-out>
    </testcase>
    <testcase name="a large pot holding raw food" classname="what a container shows of its contents" time="7.517">
      <system-out>Attachment: smoke-attachment -&gt; smoke test attachment content
Attachment: large pot, empty -&gt; /mnt/c/Users/nelim/Documents/rimworld/pickle-reports/screenshots/manual--large-pot--empty--step0.png
Attachment: large pot, berries -&gt; /mnt/c/Users/nelim/Documents/rimworld/pickle-reports/screenshots/manual--large-pot--berries--step0.png
</system-out>
    </testcase>
    <testcase name="a granite chunk stack at one, two and six chunks" classname="what a container shows of its contents" time="10.844">
      <system-out>Attachment: smoke-attachment -&gt; smoke test attachment content
Attachment: granite chunk stack, one chunk -&gt; /mnt/c/Users/nelim/Documents/rimworld/pickle-reports/screenshots/manual--granite-chunk-stack--one-chunk--step0.png
Attachment: granite chunk stack, two chunks -&gt; /mnt/c/Users/nelim/Documents/rimworld/pickle-reports/screenshots/manual--granite-chunk-stack--two-chunks--step0.png
Attachment: granite chunk stack, six chunks -&gt; /mnt/c/Users/nelim/Documents/rimworld/pickle-reports/screenshots/manual--granite-chunk-stack--six-chunks--step0.png
</system-out>
    </testcase>
    <testcase name="a marble chunk stack at full load, to compare with the granite one" classname="what a container shows of its contents" time="9.141">
      <system-out>Attachment: smoke-attachment -&gt; smoke test attachment content
Attachment: marble chunk stack, six chunks -&gt; /mnt/c/Users/nelim/Documents/rimworld/pickle-reports/screenshots/manual--marble-chunk-stack--six-chunks--step0.png
</system-out>
    </testcase>
    <testcase name="a plinth displaying a single item" classname="what a container shows of its contents" time="8.672">
      <system-out>Attachment: smoke-attachment -&gt; smoke test attachment content
Attachment: wooden plinth displaying gold -&gt; /mnt/c/Users/nelim/Documents/rimworld/pickle-reports/screenshots/manual--wooden-plinth-displaying-gold--step0.png
</system-out>
    </testcase>
    <testcase name="a vacstone plinth, the one stone that did not exist when the mod was written" classname="what a container shows of its contents" time="8.430">
      <system-out>Attachment: smoke-attachment -&gt; smoke test attachment content
Attachment: vacstone plinth displaying gold -&gt; /mnt/c/Users/nelim/Documents/rimworld/pickle-reports/screenshots/manual--vacstone-plinth-displaying-gold--step0.png
</system-out>
    </testcase>
    <testcase name="the piles, the shelf and the bundle, each with something in it" classname="what a container shows of its contents" time="8.756">
      <system-out>Attachment: smoke-attachment -&gt; smoke test attachment content
Attachment: wood pile, hay pile, meal shelf and textile bundle, each holding one thing -&gt; /mnt/c/Users/nelim/Documents/rimworld/pickle-reports/screenshots/manual--wood-pile--hay-pile--meal-shelf-and-textile-bundle--each-holding-one-thing--step0.png
</system-out>
    </testcase>
  </testsuite>
  <testsuite name="containers survive a save and a reload" tests="1" failures="0" skipped="0" flakes="0" time="24.782">
    <testcase name="a filled basket and a loaded chunk stack come back as they were" classname="containers survive a save and a reload" time="24.782">
      <system-out>Attachment: smoke-attachment -&gt; smoke test attachment content
Attachment: wooden basket after a reload -&gt; /mnt/c/Users/nelim/Documents/rimworld/pickle-reports/screenshots/manual--wooden-basket-after-a-reload--step0.png
Attachment: granite chunk stack after a reload -&gt; /mnt/c/Users/nelim/Documents/rimworld/pickle-reports/screenshots/manual--granite-chunk-stack-after-a-reload--step0.png
</system-out>
    </testcase>
  </testsuite>
  <testsuite name="French names on the generated buildings" tests="9" failures="0" skipped="9" flakes="0" time="0.000">
    <testcase name="the vacstone buildings read as vaccolithe" classname="French names on the generated buildings" time="0.000">
      <skipped />
    </testcase>
    <testcase name="a Core stone is French too" classname="French names on the generated buildings" time="0.000">
      <skipped />
    </testcase>
    <testcase name="the descriptions are French, on a generated building and on a hand-written one" classname="French names on the generated buildings" time="0.000">
      <skipped />
    </testcase>
    <testcase name="the two unambiguous hand-written buildings are French" classname="French names on the generated buildings" time="0.000">
      <skipped />
    </testcase>
    <testcase name="the blueprint and the frame carry the French name of a generated building" classname="French names on the generated buildings" time="0.000">
      <skipped />
    </testcase>
    <testcase name="the vacstone blueprint and frame too, the stone the mod was never told about" classname="French names on the generated buildings" time="0.000">
      <skipped />
    </testcase>
    <testcase name="a hand-written building's blueprint is French as well" classname="French names on the generated buildings" time="0.000">
      <skipped />
    </testcase>
    <testcase name="the research projects and their text are French" classname="French names on the generated buildings" time="0.000">
      <skipped />
    </testcase>
    <testcase name="a container on the map names itself in French" classname="French names on the generated buildings" time="0.000">
      <skipped />
    </testcase>
  </testsuite>
</testsuites>