<?xml version="1.0" encoding="utf-8"?>
<testsuites>
  <testsuite name="French names on the generated buildings" tests="8" failures="0" skipped="0" flakes="0" time="36.720">
    <testcase name="the vacstone buildings read as vaccolithe" classname="French names on the generated buildings" time="0.529">
      <system-out>Attachment: smoke-attachment -&gt; smoke test attachment content
</system-out>
    </testcase>
    <testcase name="a Core stone is French too" classname="French names on the generated buildings" time="0.239">
      <system-out>Attachment: smoke-attachment -&gt; smoke test attachment content
</system-out>
    </testcase>
    <testcase name="the descriptions are French, on generated buildings and on the wood pile" classname="French names on the generated buildings" time="0.331">
      <system-out>Attachment: smoke-attachment -&gt; smoke test attachment content
</system-out>
    </testcase>
    <testcase name="the wood pile is French" classname="French names on the generated buildings" time="0.109">
      <system-out>Attachment: smoke-attachment -&gt; smoke test attachment content
</system-out>
    </testcase>
    <testcase name="the blueprint of a generated building carries its French name" classname="French names on the generated buildings" time="16.555">
      <system-out>Attachment: smoke-attachment -&gt; smoke test attachment content
Attachment: the blueprint of a granite pot, in French -&gt; /mnt/c/Users/nelim/Documents/rimworld/pickle-reports/screenshots/manual--the-blueprint-of-a-granite-pot--in-French--step0.png
</system-out>
    </testcase>
    <testcase name="the vacstone blueprint too, the stone the mod was never told about" classname="French names on the generated buildings" time="7.633">
      <system-out>Attachment: smoke-attachment -&gt; smoke test attachment content
</system-out>
    </testcase>
    <testcase name="the research projects and their text are French" classname="French names on the generated buildings" time="0.409">
      <system-out>Attachment: smoke-attachment -&gt; smoke test attachment content
</system-out>
    </testcase>
    <testcase name="a container on the map names itself in French" classname="French names on the generated buildings" time="10.915">
      <system-out>Attachment: smoke-attachment -&gt; smoke test attachment content
Attachment: the inspect pane on a granite chunk stack, in French -&gt; /mnt/c/Users/nelim/Documents/rimworld/pickle-reports/screenshots/manual--the-inspect-pane-on-a-granite-chunk-stack--in-French--step0.png
</system-out>
    </testcase>
  </testsuite>
</testsuites>