<?xml version="1.0" encoding="utf-8"?>
<testsuites>
  <testsuite name="the mod loads on top of the Adaptive Storage Framework" tests="7" failures="0" skipped="0" flakes="0" time="22.726">
    <testcase name="the framework is active and loads before the mod" classname="the mod loads on top of the Adaptive Storage Framework" time="0.676">
      <system-out>Attachment: smoke-attachment -&gt; smoke test attachment content
</system-out>
    </testcase>
    <testcase name="the nine hand-written buildings exist" classname="the mod loads on top of the Adaptive Storage Framework" time="0.901">
      <system-out>Attachment: smoke-attachment -&gt; smoke test attachment content
</system-out>
    </testcase>
    <testcase name="the framework's GraphicsDefs that draw them exist" classname="the mod loads on top of the Adaptive Storage Framework" time="0.694">
      <system-out>Attachment: smoke-attachment -&gt; smoke test attachment content
</system-out>
    </testcase>
    <testcase name="the two research projects exist" classname="the mod loads on top of the Adaptive Storage Framework" time="0.194">
      <system-out>Attachment: smoke-attachment -&gt; smoke test attachment content
</system-out>
    </testcase>
    <testcase name="both projects sit in the framework's tab, at the cost the file asks for" classname="the mod loads on top of the Adaptive Storage Framework" time="0.586">
      <system-out>Attachment: smoke-attachment -&gt; smoke test attachment content
</system-out>
    </testcase>
    <testcase name="loading a game with the mod raises no error" classname="the mod loads on top of the Adaptive Storage Framework" time="11.626">
      <system-out>Attachment: smoke-attachment -&gt; smoke test attachment content
</system-out>
    </testcase>
    <testcase name="the research window opens, with the framework's tab in it" classname="the mod loads on top of the Adaptive Storage Framework" time="8.049">
      <system-out>Attachment: smoke-attachment -&gt; smoke test attachment content
Attachment: the research window, with the storage tab beside main and anomaly -&gt; /mnt/c/Users/nelim/Documents/rimworld/pickle-reports/screenshots/manual--the-research-window--with-the-storage-tab-beside-main-and-anomaly--step0.png
</system-out>
    </testcase>
  </testsuite>
  <testsuite name="the stone variants are generated at load time" tests="6" failures="0" skipped="0" flakes="0" time="32.502">
    <testcase name="each of the five Core stones gets a pot, a plinth and a chunk stack" classname="the stone variants are generated at load time" time="1.187">
      <system-out>Attachment: smoke-attachment -&gt; smoke test attachment content
</system-out>
    </testcase>
    <testcase name="with Odyssey, vacstone is picked up without the mod having been told about it" classname="the stone variants are generated at load time" time="0.191">
      <system-out>Attachment: smoke-attachment -&gt; smoke test attachment content
</system-out>
    </testcase>
    <testcase name="a blueprint can be placed for a generated building and for a hand-written one" classname="the stone variants are generated at load time" time="8.885">
      <system-out>Attachment: smoke-attachment -&gt; smoke test attachment content
</system-out>
    </testcase>
    <testcase name="and for the vacstone buildings" classname="the stone variants are generated at load time" time="7.382">
      <system-out>Attachment: smoke-attachment -&gt; smoke test attachment content
</system-out>
    </testcase>
    <testcase name="one generated building of each kind can be placed without an error" classname="the stone variants are generated at load time" time="7.604">
      <system-out>Attachment: smoke-attachment -&gt; smoke test attachment content
</system-out>
    </testcase>
    <testcase name="the vacstone buildings can be placed without an error" classname="the stone variants are generated at load time" time="7.253">
      <system-out>Attachment: smoke-attachment -&gt; smoke test attachment content
</system-out>
    </testcase>
  </testsuite>
  <testsuite name="what a container shows of its contents" tests="8" failures="0" skipped="0" flakes="0" time="80.980">
    <testcase name="a wooden basket, empty, then with one item, then full" classname="what a container shows of its contents" time="9.040">
      <system-out>Attachment: smoke-attachment -&gt; smoke test attachment content
Attachment: wooden basket, empty -&gt; /mnt/c/Users/nelim/Documents/rimworld/pickle-reports/screenshots/manual--wooden-basket--empty--step0.png
Attachment: wooden basket, one item -&gt; /mnt/c/Users/nelim/Documents/rimworld/pickle-reports/screenshots/manual--wooden-basket--one-item--step0.png
Attachment: wooden basket, full -&gt; /mnt/c/Users/nelim/Documents/rimworld/pickle-reports/screenshots/manual--wooden-basket--full--step0.png
</system-out>
    </testcase>
    <testcase name="a fabric basket, empty, then full" classname="what a container shows of its contents" time="8.490">
      <system-out>Attachment: smoke-attachment -&gt; smoke test attachment content
Attachment: fabric basket, empty -&gt; /mnt/c/Users/nelim/Documents/rimworld/pickle-reports/screenshots/manual--fabric-basket--empty--step0.png
Attachment: fabric basket, full -&gt; /mnt/c/Users/nelim/Documents/rimworld/pickle-reports/screenshots/manual--fabric-basket--full--step0.png
</system-out>
    </testcase>
    <testcase name="a large pot holding raw food" classname="what a container shows of its contents" time="8.579">
      <system-out>Attachment: smoke-attachment -&gt; smoke test attachment content
Attachment: large pot, empty -&gt; /mnt/c/Users/nelim/Documents/rimworld/pickle-reports/screenshots/manual--large-pot--empty--step0.png
Attachment: large pot, berries -&gt; /mnt/c/Users/nelim/Documents/rimworld/pickle-reports/screenshots/manual--large-pot--berries--step0.png
</system-out>
    </testcase>
    <testcase name="a granite chunk stack at one, two and six chunks" classname="what a container shows of its contents" time="10.592">
      <system-out>Attachment: smoke-attachment -&gt; smoke test attachment content
Attachment: granite chunk stack, one chunk -&gt; /mnt/c/Users/nelim/Documents/rimworld/pickle-reports/screenshots/manual--granite-chunk-stack--one-chunk--step0.png
Attachment: granite chunk stack, two chunks -&gt; /mnt/c/Users/nelim/Documents/rimworld/pickle-reports/screenshots/manual--granite-chunk-stack--two-chunks--step0.png
Attachment: granite chunk stack, six chunks -&gt; /mnt/c/Users/nelim/Documents/rimworld/pickle-reports/screenshots/manual--granite-chunk-stack--six-chunks--step0.png
</system-out>
    </testcase>
    <testcase name="a marble chunk stack at full load, to compare with the granite one" classname="what a container shows of its contents" time="9.977">
      <system-out>Attachment: smoke-attachment -&gt; smoke test attachment content
Attachment: marble chunk stack, six chunks -&gt; /mnt/c/Users/nelim/Documents/rimworld/pickle-reports/screenshots/manual--marble-chunk-stack--six-chunks--step0.png
</system-out>
    </testcase>
    <testcase name="a plinth displaying a single item" classname="what a container shows of its contents" time="8.832">
      <system-out>Attachment: smoke-attachment -&gt; smoke test attachment content
Attachment: wooden plinth displaying gold -&gt; /mnt/c/Users/nelim/Documents/rimworld/pickle-reports/screenshots/manual--wooden-plinth-displaying-gold--step0.png
</system-out>
    </testcase>
    <testcase name="a vacstone plinth, the one stone that did not exist when the mod was written" classname="what a container shows of its contents" time="9.852">
      <system-out>Attachment: smoke-attachment -&gt; smoke test attachment content
Attachment: vacstone plinth displaying gold -&gt; /mnt/c/Users/nelim/Documents/rimworld/pickle-reports/screenshots/manual--vacstone-plinth-displaying-gold--step0.png
</system-out>
    </testcase>
    <testcase name="the piles, the shelf and the bundle, each with something in it" classname="what a container shows of its contents" time="15.618">
      <system-out>Attachment: smoke-attachment -&gt; smoke test attachment content
Attachment: wood pile, hay pile, meal shelf and textile bundle, each holding one thing -&gt; /mnt/c/Users/nelim/Documents/rimworld/pickle-reports/screenshots/manual--wood-pile--hay-pile--meal-shelf-and-textile-bundle--each-holding-one-thing--step0.png
</system-out>
    </testcase>
  </testsuite>
  <testsuite name="containers survive a save and a reload" tests="1" failures="0" skipped="0" flakes="0" time="29.488">
    <testcase name="a filled basket and a loaded chunk stack come back as they were" classname="containers survive a save and a reload" time="29.488">
      <system-out>Attachment: smoke-attachment -&gt; smoke test attachment content
Attachment: wooden basket after a reload -&gt; /mnt/c/Users/nelim/Documents/rimworld/pickle-reports/screenshots/manual--wooden-basket-after-a-reload--step0.png
Attachment: granite chunk stack after a reload -&gt; /mnt/c/Users/nelim/Documents/rimworld/pickle-reports/screenshots/manual--granite-chunk-stack-after-a-reload--step0.png
</system-out>
    </testcase>
  </testsuite>
  <testsuite name="French names on the generated buildings" tests="10" failures="0" skipped="10" flakes="0" time="0.000">
    <testcase name="the vacstone buildings read as vaccolithe" classname="French names on the generated buildings" time="0.000">
      <skipped />
    </testcase>
    <testcase name="a Core stone is French too" classname="French names on the generated buildings" time="0.000">
      <skipped />
    </testcase>
    <testcase name="the descriptions are French, on generated buildings and on the wood pile" classname="French names on the generated buildings" time="0.000">
      <skipped />
    </testcase>
    <testcase name="the wood pile is French" classname="French names on the generated buildings" time="0.000">
      <skipped />
    </testcase>
    <testcase name="the blueprint of a generated building carries its French name" classname="French names on the generated buildings" time="0.000">
      <skipped />
    </testcase>
    <testcase name="the vacstone blueprint too, the stone the mod was never told about" classname="French names on the generated buildings" time="0.000">
      <skipped />
    </testcase>
    <testcase name="the fallback translates the buildings of a stone the mod never met" classname="French names on the generated buildings" time="0.000">
      <skipped />
    </testcase>
    <testcase name="the blueprint of a third-party stone's pot carries the fallback's French name" classname="French names on the generated buildings" time="0.000">
      <skipped />
    </testcase>
    <testcase name="the research projects and their text are French" classname="French names on the generated buildings" time="0.000">
      <skipped />
    </testcase>
    <testcase name="a container on the map names itself in French" classname="French names on the generated buildings" time="0.000">
      <skipped />
    </testcase>
  </testsuite>
  <testsuite name="a stone from a mod this one has never met" tests="4" failures="0" skipped="0" flakes="0" time="28.143">
    <testcase name="the generators built a pot, a plinth and a chunk stack for it" classname="a stone from a mod this one has never met" time="1.320">
      <system-out>Attachment: smoke-attachment -&gt; smoke test attachment content
</system-out>
    </testcase>
    <testcase name="the labels are the stone's own, in English" classname="a stone from a mod this one has never met" time="0.250">
      <system-out>Attachment: smoke-attachment -&gt; smoke test attachment content
</system-out>
    </testcase>
    <testcase name="a stone the mod never listed can be built and placed without an error" classname="a stone from a mod this one has never met" time="16.761">
      <system-out>Attachment: smoke-attachment -&gt; smoke test attachment content
</system-out>
    </testcase>
    <testcase name="the pot and the chunk stack of the new stone, with their contents" classname="a stone from a mod this one has never met" time="9.812">
      <system-out>Attachment: smoke-attachment -&gt; smoke test attachment content
Attachment: an andesite pot and chunk stack, a stone from another mod -&gt; /mnt/c/Users/nelim/Documents/rimworld/pickle-reports/screenshots/manual--an-andesite-pot-and-chunk-stack--a-stone-from-another-mod--step0.png
</system-out>
    </testcase>
  </testsuite>
  <testsuite name="Russian names, on a case-sensitive filesystem" tests="5" failures="0" skipped="5" flakes="0" time="0.000">
    <testcase name="the generated stone buildings are Russian" classname="Russian names, on a case-sensitive filesystem" time="0.000">
      <skipped />
    </testcase>
    <testcase name="the vacstone buildings are Russian, with Odyssey's own term" classname="Russian names, on a case-sensitive filesystem" time="0.000">
      <skipped />
    </testcase>
    <testcase name="a hand-written building and the research are Russian" classname="Russian names, on a case-sensitive filesystem" time="0.000">
      <skipped />
    </testcase>
    <testcase name="a container on the map names itself in Russian" classname="Russian names, on a case-sensitive filesystem" time="0.000">
      <skipped />
    </testcase>
    <testcase name="loading a game in Russian raises no error" classname="Russian names, on a case-sensitive filesystem" time="0.000">
      <skipped />
    </testcase>
  </testsuite>
</testsuites>