<?xml version="1.0" encoding="utf-8"?>
<testsuites>
  <testsuite name="the pictures of the Workshop page" tests="6" failures="0" skipped="0" flakes="0" time="54.854">
    <testcase name="the whole set, each container holding something" classname="the pictures of the Workshop page" time="13.531">
      <system-out>Attachment: smoke-attachment -&gt; smoke test attachment content
Attachment: workshop 1 - the whole set -&gt; /mnt/c/Users/nelim/Documents/rimworld/pickle-reports/screenshots/manual--workshop-1---the-whole-set--step0.png
</system-out>
    </testcase>
    <testcase name="a wooden basket, empty, with one item and full, side by side" classname="the pictures of the Workshop page" time="8.104">
      <system-out>Attachment: smoke-attachment -&gt; smoke test attachment content
Attachment: workshop 2 - a basket fills up -&gt; /mnt/c/Users/nelim/Documents/rimworld/pickle-reports/screenshots/manual--workshop-2---a-basket-fills-up--step0.png
</system-out>
    </testcase>
    <testcase name="granite chunk stacks at one, two and six chunks, and a marble one" classname="the pictures of the Workshop page" time="8.359">
      <system-out>Attachment: smoke-attachment -&gt; smoke test attachment content
Attachment: workshop 3 - chunk stacks -&gt; /mnt/c/Users/nelim/Documents/rimworld/pickle-reports/screenshots/manual--workshop-3---chunk-stacks--step0.png
</system-out>
    </testcase>
    <testcase name="large pots with different food, and a lidded one holding two kinds" classname="the pictures of the Workshop page" time="8.187">
      <system-out>Attachment: smoke-attachment -&gt; smoke test attachment content
Attachment: workshop 4 - large pots -&gt; /mnt/c/Users/nelim/Documents/rimworld/pickle-reports/screenshots/manual--workshop-4---large-pots--step0.png
</system-out>
    </testcase>
    <testcase name="plinths of wood, granite and vacstone, each showing an item" classname="the pictures of the Workshop page" time="8.006">
      <system-out>Attachment: smoke-attachment -&gt; smoke test attachment content
Attachment: workshop 5 - plinths -&gt; /mnt/c/Users/nelim/Documents/rimworld/pickle-reports/screenshots/manual--workshop-5---plinths--step0.png
</system-out>
    </testcase>
    <testcase name="the pot and the chunk stack of a stone from another mod, beside granite" classname="the pictures of the Workshop page" time="8.667">
      <system-out>Attachment: smoke-attachment -&gt; smoke test attachment content
Attachment: workshop 6 - a stone from another mod -&gt; /mnt/c/Users/nelim/Documents/rimworld/pickle-reports/screenshots/manual--workshop-6---a-stone-from-another-mod--step0.png
</system-out>
    </testcase>
  </testsuite>
</testsuites>