<?xml version="1.0" encoding="utf-8"?>
<testsuites>
  <testsuite name="French names on the generated buildings" tests="9" failures="3" skipped="0" flakes="0" time="40.469">
    <testcase name="the vacstone buildings read as vaccolithe" classname="French names on the generated buildings" time="0.514">
      <system-out>Attachment: smoke-attachment -&gt; smoke test attachment content
</system-out>
    </testcase>
    <testcase name="a Core stone is French too" classname="French names on the generated buildings" time="0.255">
      <system-out>Attachment: smoke-attachment -&gt; smoke test attachment content
</system-out>
    </testcase>
    <testcase name="the descriptions are French, on a generated building and on a hand-written one" classname="French names on the generated buildings" time="0.245">
      <failure message="'ASNeolithicLargePot' names more than one def (DesignatorDropdownGroupDef, ThingDef); say which with 'def &quot;ASNeolithicLargePot&quot; of type &quot;...&quot;'">'ASNeolithicLargePot' names more than one def (DesignatorDropdownGroupDef, ThingDef); say which with 'def "ASNeolithicLargePot" of type "..."'</failure>
      <system-out>Attachment: smoke-attachment -&gt; smoke test attachment content
Attachment: screenshot -&gt; /mnt/c/Users/nelim/Documents/rimworld/pickle-reports/screenshots/French-names-on-the-generated-buildings--the-descriptions-are-French--on-a-generated-building-and-on-a-hand-written-one--step3.png
</system-out>
    </testcase>
    <testcase name="the two unambiguous hand-written buildings are French" classname="French names on the generated buildings" time="0.005">
      <failure message="'ASNeolithicLargePot' names more than one def (DesignatorDropdownGroupDef, ThingDef); say which with 'def &quot;ASNeolithicLargePot&quot; of type &quot;...&quot;'">'ASNeolithicLargePot' names more than one def (DesignatorDropdownGroupDef, ThingDef); say which with 'def "ASNeolithicLargePot" of type "..."'</failure>
      <system-out>Attachment: smoke-attachment -&gt; smoke test attachment content
Attachment: screenshot -&gt; /mnt/c/Users/nelim/Documents/rimworld/pickle-reports/screenshots/French-names-on-the-generated-buildings--the-two-unambiguous-hand-written-buildings-are-French--step1.png
</system-out>
    </testcase>
    <testcase name="the blueprint of a generated building carries its French name" classname="French names on the generated buildings" time="13.226">
      <system-out>Attachment: smoke-attachment -&gt; smoke test attachment content
Attachment: the blueprint of a granite pot, in French -&gt; /mnt/c/Users/nelim/Documents/rimworld/pickle-reports/screenshots/manual--the-blueprint-of-a-granite-pot--in-French--step0.png
</system-out>
    </testcase>
    <testcase name="the vacstone blueprint too, the stone the mod was never told about" classname="French names on the generated buildings" time="8.513">
      <system-out>Attachment: smoke-attachment -&gt; smoke test attachment content
</system-out>
    </testcase>
    <testcase name="a hand-written building's blueprint is French as well" classname="French names on the generated buildings" time="8.598">
      <failure message="no selectable thing labeled 'grand pot (plan)' on the map. nearby candidates: Acier x25, Acier x35, Acier x39, Acier x43, Acier x45, Acier x54, Acier x57, Acier x75, Agave, Ancien bloc macro-moteur, Ancien bloc moteur, Ancien cadre de voiture, Ancien fil barbelé, Ancien lit, Ancien pied de marcheur de combat, Ancien tank, Ancien tonneau, Ancien tronçon de canalisation, Ancienne balise de navigation, Ancienne balise mécanoïde">no selectable thing labeled 'grand pot (plan)' on the map. nearby candidates: Acier x25, Acier x35, Acier x39, Acier x43, Acier x45, Acier x54, Acier x57, Acier x75, Agave, Ancien bloc macro-moteur, Ancien bloc moteur, Ancien cadre de voiture, Ancien fil barbelé, Ancien lit, Ancien pied de marcheur de combat, Ancien tank, Ancien tonneau, Ancien tronçon de canalisation, Ancienne balise de navigation, Ancienne balise mécanoïde</failure>
      <system-out>Attachment: smoke-attachment -&gt; smoke test attachment content
Attachment: screenshot -&gt; /mnt/c/Users/nelim/Documents/rimworld/pickle-reports/screenshots/French-names-on-the-generated-buildings--a-hand-written-building-s-blueprint-is-French-as-well--step3.png
</system-out>
    </testcase>
    <testcase name="the research projects and their text are French" classname="French names on the generated buildings" time="0.237">
      <system-out>Attachment: smoke-attachment -&gt; smoke test attachment content
</system-out>
    </testcase>
    <testcase name="a container on the map names itself in French" classname="French names on the generated buildings" time="8.876">
      <system-out>Attachment: smoke-attachment -&gt; smoke test attachment content
Attachment: the inspect pane on a granite chunk stack, in French -&gt; /mnt/c/Users/nelim/Documents/rimworld/pickle-reports/screenshots/manual--the-inspect-pane-on-a-granite-chunk-stack--in-French--step0.png
</system-out>
    </testcase>
  </testsuite>
</testsuites>