<?xml version="1.0" encoding="utf-8"?>
<testsuites>
  <testsuite name="the PickleTools research steps choose a tab and a project by the label a player reads, in French" tests="2" failures="0" skipped="0" flakes="0" time="30.971">
    <testcase name="the storage tab and its project by their French labels" classname="the PickleTools research steps choose a tab and a project by the label a player reads, in French" time="22.894">
      <system-out>Attachment: smoke-attachment -&gt; smoke test attachment content
Attachment: research tabs the window drew -&gt; Main (label 'Principal'), Anomaly (label 'Anomalie'), ASFAdaptiveStorage (label 'Stockage', selected)
selected: ASFAdaptiveStorage
Attachment: projects listed on ASFAdaptiveStorage -&gt; ASNeolithicNeolithicStorage: 'Stockage néolithique', cost 400, at (0, 1), Neolithic
ASNeolithicNeolithicItemDisplay: 'Présentoir néolithique', cost 400, at (0, 2), Neolithic
</system-out>
    </testcase>
    <testcase name="the Main tab by its French label" classname="the PickleTools research steps choose a tab and a project by the label a player reads, in French" time="8.077">
      <system-out>Attachment: smoke-attachment -&gt; smoke test attachment content
Attachment: research tabs the window drew -&gt; Main (label 'Principal', selected), Anomaly (label 'Anomalie'), ASFAdaptiveStorage (label 'Stockage')
selected: Main
</system-out>
    </testcase>
  </testsuite>
</testsuites>