<?xml version="1.0" encoding="utf-8"?>
<testsuites>
  <testsuite name="the PickleTools research steps choose a tab by def name or by translation key" tests="3" failures="0" skipped="0" flakes="0" time="51.802">
    <testcase name="a tab by its def name, whatever the case" classname="the PickleTools research steps choose a tab by def name or by translation key" time="32.623">
      <system-out>Attachment: smoke-attachment -&gt; smoke test attachment content
Attachment: research tabs the window drew -&gt; Main (label 'Principal'), Anomaly (label 'Anomalie'), ASFAdaptiveStorage (label 'Stockage', selected)
selected: ASFAdaptiveStorage
Attachment: projects listed on ASFAdaptiveStorage -&gt; ASNeolithicNeolithicStorage: 'Stockage néolithique', cost 400, at (0, 1), Neolithic
ASNeolithicNeolithicItemDisplay: 'Présentoir néolithique', cost 400, at (0, 2), Neolithic
Attachment: projects listed on ASFAdaptiveStorage -&gt; ASNeolithicNeolithicStorage: 'Stockage néolithique', cost 400, at (0, 1), Neolithic
ASNeolithicNeolithicItemDisplay: 'Présentoir néolithique', cost 400, at (0, 2), Neolithic
</system-out>
    </testcase>
    <testcase name="a vanilla tab by its def name" classname="the PickleTools research steps choose a tab by def name or by translation key" time="10.628">
      <system-out>Attachment: smoke-attachment -&gt; smoke test attachment content
Attachment: research tabs the window drew -&gt; Main (label 'Principal', selected), Anomaly (label 'Anomalie'), ASFAdaptiveStorage (label 'Stockage')
selected: Main
Attachment: projects listed on Main -&gt; PsychoidBrewing: 'Brassage du thé Pekoé', cost 500, at (2, 0.7), Neolithic
TreeSowing: 'Plantation d'arbres', cost 1000, at (0, 0), Neolithic
Brewing: 'Brassage de la bière', cost 400, at (0, 3.5), Neolithic
ComplexFurniture: 'Meubles complexes', cost 300, at (0, 4.2), Medieval
PassiveCooler: 'Refroidisseur passif', cost 400, at (0, 2.1), Neolithic
Stonecutting: 'Taille de la pierre', cost 300, at (0, 1.4), Medieval
ComplexClothing: 'Vêtements complexes', cost 600, at (0, 4.9), Medieval
DrugProduction: 'Production de drogue', cost 500, at (2, 0), Industrial
Cocoa: 'Cacao', cost 1000, at (1, 0), Neolithic
Devilstrand: 'Diabledeau', cost 800, at (0, 2.8), Neolithic
CarpetMaking: 'Confection de moquettes', cost 800, at (1, 2.1), Medieval
Pemmican: 'Pemmican', cost 500, at (1, 1.4), Neolithic
Smithing: 'Forge', cost 700, at (1, 3.5), Medieval
RecurveBow: 'Arc à double courbure', cost 400, at (0, 0.7), Neolithic
PsychiteRefining: 'Raffinage du psychoïde', cost 400, at (3, 0.7), Industrial
WakeUpProduction: 'Production de Wake-up', cost 600, at (3, 1.4), Industrial
GoJuiceProduction: 'Production de Go-Juice', cost 1000, at (3, 2.1), Industrial
PenoxycylineProduction: 'Production de penoxycyline', cost 500, at (3, 2.8), Industrial
LongBlades: 'Longues lames', cost 400, at (3, 5.6), Medieval
PlateArmor: 'Armure de plates', cost 600, at (2, 5.6), Medieval
Greatbow: 'Grands arcs', cost 600, at (1, 0.7), Medieval
Electricity: 'Électricité', cost 1600, at (4, 3), Industrial
Batteries: 'Batteries', cost 400, at (6, 0.9), Industrial
BiofuelRefining: 'Raffinage', cost 700, at (7, 2.7), Industrial
WatermillGenerator: 'Générateur hydroélectrique', cost 700, at (8, 2.1), Industrial
NutrientPaste: 'Pâte nutritive', cost 400, at (8, 1.5), Industrial
SolarPanels: 'Panneaux solaires', cost 600, at (7, 2.1), Industrial
AirConditioning: 'Air conditionné', cost 500, at (6, 2.1), Industrial
Autodoors: 'Portes automatiques', cost 600, at (6, 0.3), Industrial
Hydroponics: 'Culture hydroponique', cost 700, at (6, 1.5), Industrial
TubeTelevision: 'Télévision cathodique', cost 1000, at (9, 0.9), Industrial
PackagedSurvivalMeal: 'Rations de survie', cost 500, at (9, 1.5), Industrial
Firefoam: 'Lutte contre l'incendie', cost 600, at (7, 1.5), Industrial
IEDs: 'Engins explosifs improvisés', cost 500, at (7, 0.9), Industrial
GeothermalPower: 'Énergie géothermique', cost 3200, at (9, 2.1), Industrial
SterileMaterials: 'Matériau stérile', cost 600, at (8, 0.9), Industrial
ColoredLights: 'Lumières avancées', cost 300, at (6, 2.7), Industrial
Machining: 'Usinage', cost 1000, at (5, 3.5), Industrial
SmokepopBelt: 'Packs de fumigènes', cost 300, at (6, 4.8), Industrial
Prosthetics: 'Prothèse', cost 600, at (7, 4.8), Industrial
Gunsmithing: 'Petite armurerie', cost 500, at (6, 3.4), Industrial
FlakArmor: 'Vêtements pare-balle', cost 1200, at (6, 4.1), Industrial
Mortars: 'Mortiers', cost 2000, at (7, 4.1), Industrial
BlowbackOperation: 'Petite artillerie automatique', cost 500, at (7, 3.4), Industrial
GasOperation: 'Artillerie automatique perfectionnée', cost 1000, at (9, 3.4), Industrial
GunTurrets: 'Tourelles automatisées', cost 500, at (8, 4.1), Industrial
FoamTurret: 'Tourelle à mousse', cost 800, at (9, 4.1), Industrial
MicroelectronicsBasics: 'Bases de la microélectronique', cost 3000, at (10, 3), Industrial
FlatscreenTelevision: 'Télévision à écran plat', cost 2000, at (11, 0.6), Industrial
MoisturePump: 'Pompe à eau', cost 1200, at (11, 4.2), Industrial
HospitalBed: 'Lits médicaux', cost 1200, at (13, 1.8), Industrial
DeepDrilling: 'Forage en profondeur', cost 1000, at (13, 4.2), Industrial
GroundPenetratingScanner: 'Scanner géologique', cost 1000, at (14, 4.2), Industrial
TransportPod: 'Capsule de transport', cost 1000, at (13, 1.2), Industrial
MedicineProduction: 'Production de médicaments', cost 1500, at (11, 0), Industrial
LongRangeMineralScanner: 'Scanner géologique à longue portée', cost 2000, at (12, 4.2), Industrial
ShieldBelt: 'Bouclier d'énergie', cost 1000, at (11, 1.2), Spacer
PrecisionRifling: 'Armes de précision', cost 1400, at (11, 3.6), Industrial
HeavyTurrets: 'Tourelle autocanon', cost 1600, at (13, 3.6), Industrial
MultibarrelWeapons: 'Armes multi-canons', cost 2600, at (12, 3.6), Industrial
MultiAnalyzer: 'Multi-analyseur', cost 4000, at (14, 3), Industrial
VitalsMonitor: 'Moniteur de signes vitaux', cost 2500, at (15, 1.8), Industrial
Fabrication: 'Assemblage de composant', cost 4000, at (16, 3), Industrial
AdvancedFabrication: 'Fabrication avancée', cost 4000, at (18, 3), Industrial
Cryptosleep: 'Hypersommeil', cost 2000, at (15, 2.4), Spacer
ReconArmor: 'Armure de reconnaissance', cost 6000, at (17, 1.1), Spacer
PoweredArmor: 'Armure de commando', cost 6000, at (18, 1.1), Spacer
ChargedShot: 'Tir chargé', cost 3000, at (18, 1.8), Spacer
Bionics: 'Prothèses bioniques', cost 2000, at (17, 3.6), Spacer
SniperTurret: 'Tourelle de précision', cost 3000, at (15, 3.6), Industrial
RocketswarmLauncher: 'Lance-roquettes multiples', cost 3000, at (15, 4.2), Industrial
ShipBasics: 'Bases de la construction de vaisseau', cost 4000, at (20, 3), Spacer
ShipCryptosleep: 'Sarcophages d'hypersommeil de vaisseau', cost 2800, at (21, 3), Spacer
ShipReactor: 'Réacteur antimatière', cost 6000, at (21, 4.3), Spacer
ShipEngine: 'Propulseur Johnson-Tanaka ', cost 6000, at (21, 5.4), Spacer
ShipComputerCore: 'Noyau central de l'ordinateur de bord', cost 3000, at (21, 1.8), Spacer
ShipSensorCluster: 'Capteurs de lancement', cost 4000, at (21, 0.6), Spacer
NobleApparel: 'Vêtement noble', cost 400, at (1, 4.9), Medieval
RoyalApparel: 'Vêtement royal', cost 400, at (2, 4.9), Medieval
CataphractArmor: 'Armure de cataphracte', cost 6000, at (19, 1.1), Spacer
JumpPack: 'Packs dorsaux', cost 2000, at (11, 2.4), Industrial
Gunlink: 'Ordinateur de ciblage', cost 2000, at (17, 1.8), Industrial
BrainWiring: 'Câblage du cerveau', cost 2000, at (12, 1.2), Spacer
SpecializedLimbs: 'Membres spécialisés', cost 2000, at (13, 0), Spacer
CompactWeaponry: 'Armement compact', cost 2000, at (12, 2.4), Spacer
VenomSynthesis: 'Synthèse de poison', cost 2000, at (13, 2.4), Spacer
ArtificialMetabolism: 'Métabolisme artificiel', cost 2000, at (18, 5.4), Ultra
NeuralComputation: 'Calcul neuronal', cost 2000, at (19, 4.8), Ultra
SkinHardening: 'Renforcement de la peau', cost 2000, at (18, 3.6), Ultra
HealingFactors: 'Facteurs de guérison', cost 2000, at (18, 4.2), Ultra
FleshShaping: 'Façonnage de la chair', cost 2000, at (18, 4.8), Ultra
MolecularAnalysis: 'Analyse moléculaire', cost 2000, at (19, 3.6), Ultra
CircadianInfluence: 'Influence circadienne', cost 2000, at (19, 4.2), Ultra
Harp: 'Harpe', cost 500, at (1, 4.2), Medieval
Harpsichord: 'Clavecin', cost 500, at (2, 4.2), Medieval
Piano: 'Piano', cost 2000, at (3, 4.2), Industrial
Biosculpting: 'Biosculptage', cost 1500, at (13, 0.6), Industrial
Bioregeneration: 'Biorégénération', cost 4000, at (15, 0.6), Industrial
NeuralSupercharger: 'Compresseur neuronal', cost 1500, at (12, 0.6), Industrial
BasicMechtech: 'Mechtech basique', cost 200, at (9, 5.4), Industrial
StandardMechtech: 'Mechtech améliorée', cost 1000, at (11, 5.4), Industrial
HighMechtech: 'Mechtech avancée', cost 3000, at (15, 5.4), Industrial
UltraMechtech: 'Mechtech de pointe', cost 5000, at (17, 5.4), Ultra
WastepackAtomizer: 'Atomiseur de déchets', cost 8000, at (19, 2.4), Industrial
ToxifierGenerator: 'Générateur toxique', cost 500, at (9, 2.7), Industrial
Xenogermination: 'Xénogénétique', cost 1000, at (9, 0.3), Industrial
GeneProcessor: 'Processeur de gènes', cost 1500, at (14, 0), Industrial
Archogenetics: 'Archogénétique', cost 2500, at (17, 0), Industrial
Deathrest: 'Repos de la mort', cost 1000, at (8, 2.7), Industrial
FertilityProcedures: 'Procédures de fertilité', cost 1000, at (8, 0.3), Industrial
ToxGas: 'Gaz tox', cost 600, at (8, 4.8), Industrial
ToxFiltration: 'Filtration des toxines', cost 2000, at (19, 5.4), Spacer
GrowthVats: 'Cuves d'incubation', cost 500, at (12, 0), Spacer
TurretPack: 'Tourelle portative', cost 1400, at (11, 1.8), Industrial
SecurityDoor: 'Porte de sécurité', cost 700, at (7, 0.3), Industrial
Fishing: 'Pêche', cost 600, at (1, 2.8), Neolithic
BasicGravtech: 'Gravtech élémentaire', cost 300, at (9, 4.8), Industrial
StandardGravtech: 'Gravtech intermédiaire', cost 1200, at (11, 4.8), Industrial
AdvancedGravtech: 'Gravtech avancée', cost 2000, at (17, 4.8), Spacer
OrbitalTech: 'Technologie orbitale', cost 1000, at (14, 2.4), Industrial
HeavyBridges: 'Ponts massifs', cost 800, at (0, 5.6), Industrial
BeamWeapons: 'Armes à faisceau', cost 4000, at (19, 1.8), Spacer
Shuttles: 'Navette', cost 2500, at (15, 1.2), Spacer
HunterDrones: 'Drone chasseur', cost 1600, at (12, 1.8), Industrial
</system-out>
    </testcase>
    <testcase name="a tab by a translation key, in whichever language the game runs in" classname="the PickleTools research steps choose a tab by def name or by translation key" time="8.551">
      <system-out>Attachment: smoke-attachment -&gt; smoke test attachment content
Attachment: research tabs the window drew -&gt; Main (label 'Principal'), Anomaly (label 'Anomalie'), ASFAdaptiveStorage (label 'Stockage', selected)
selected: ASFAdaptiveStorage
Attachment: projects listed on ASFAdaptiveStorage -&gt; ASNeolithicNeolithicStorage: 'Stockage néolithique', cost 400, at (0, 1), Neolithic
ASNeolithicNeolithicItemDisplay: 'Présentoir néolithique', cost 400, at (0, 2), Neolithic
Attachment: the research tab chosen by a translation key -&gt; /mnt/c/Users/nelim/Documents/rimworld/pickle-reports/screenshots/manual--the-research-tab-chosen-by-a-translation-key--step0.png
</system-out>
    </testcase>
  </testsuite>
</testsuites>